
За последний час (с 19 до  20)  мне написали всего -173 раз. Нужно больше сообщений (ง ͠° ͟ل͜ ͡°)ง

За последний час (с 20 до  21)  мне написали всего 2 раз. Нужно больше сообщений (ง ͠° ͟ل͜ ͡°)ง
7 Nov в 09:02:41 я получил собщение "кусь" от [Марина]. Спасибо :) 
7 Nov в 09:04:11 я получил собщение "огоооо
о
о
оо
о
о
о
о
о
о" от [Марина]. Спасибо :) 
7 Nov в 09:06:37 я получил собщение "1" от [тест]. Спасибо :) 
7 Nov в 09:39:36 я получил собщение "Приффки:*" от [Банан]. Спасибо :) 

За последний час (с 21 до  22)  мне написали 15 раз. Неплохо, но я знаю вы можете больше (●´ω｀●)

Поклон АКТИВНОМУ гостю Банан с его 1 сообщенями! Поднажми ε=ε=ε=ε=┌(;￣▽￣)┘

RESPECT ЗАВСЕГДАТАЮ тест с его 1 сообщенями! ლ(´ڡ`ლ)

Да здравствует глав ХАЦКЕР сервера Марина у него 2 сообщений! (⌐■_■)


За последний час (с 22 до  23)  мне написали всего 9 раз. Нужно больше сообщений (ง ͠° ͟ل͜ ͡°)ง

Поклон АКТИВНОМУ гостю Банан с его 1 сообщенями! Поднажми ε=ε=ε=ε=┌(;￣▽￣)┘

RESPECT ЗАВСЕГДАТАЮ тест с его 1 сообщенями! ლ(´ڡ`ლ)

Да здравствует глав ХАЦКЕР сервера Марина у него 2 сообщений! (⌐■_■)

